2015/03/04 10:43:40 [error] [exception.CException] exception 'CException' with message 'Object configuration must be an array containing a "class" element.' in E:\xampp\htdocs\yii\framework\YiiBase.php:193
Stack trace:
#0 E:\xampp\htdocs\yii\framework\base\CModule.php(282): YiiBase::createComponent(Array, 'gii', NULL, Array)
#1 E:\xampp\htdocs\yii\framework\web\CWebApplication.php(337): CModule->getModule('gii')
#2 E:\xampp\htdocs\yii\framework\web\CWebApplication.php(276): CWebApplication->createController('gii')
#3 E:\xampp\htdocs\yii\framework\web\CWebApplication.php(141): CWebApplication->runController('gii')
#4 E:\xampp\htdocs\yii\framework\base\CApplication.php(184): CWebApplication->processRequest()
#5 E:\xampp\htdocs\yii-bootstrap3\index.php(13): CApplication->run()
#6 {main}
REQUEST_URI=/yii-bootstrap3/index.php?r=gii
---
2015/03/04 10:44:10 [error] [exception.CException] exception 'CException' with message 'Object configuration must be an array containing a "class" element.' in E:\xampp\htdocs\yii\framework\YiiBase.php:193
Stack trace:
#0 E:\xampp\htdocs\yii\framework\base\CModule.php(282): YiiBase::createComponent(Array, 'gii', NULL, Array)
#1 E:\xampp\htdocs\yii\framework\web\CWebApplication.php(337): CModule->getModule('gii')
#2 E:\xampp\htdocs\yii\framework\web\CWebApplication.php(276): CWebApplication->createController('gii')
#3 E:\xampp\htdocs\yii\framework\web\CWebApplication.php(141): CWebApplication->runController('gii')
#4 E:\xampp\htdocs\yii\framework\base\CApplication.php(184): CWebApplication->processRequest()
#5 E:\xampp\htdocs\yii-bootstrap3\index.php(13): CApplication->run()
#6 {main}
REQUEST_URI=/yii-bootstrap3/index.php?r=gii
---
2015/03/04 10:44:11 [error] [exception.CException] exception 'CException' with message 'Object configuration must be an array containing a "class" element.' in E:\xampp\htdocs\yii\framework\YiiBase.php:193
Stack trace:
#0 E:\xampp\htdocs\yii\framework\base\CModule.php(282): YiiBase::createComponent(Array, 'gii', NULL, Array)
#1 E:\xampp\htdocs\yii\framework\web\CWebApplication.php(337): CModule->getModule('gii')
#2 E:\xampp\htdocs\yii\framework\web\CWebApplication.php(276): CWebApplication->createController('gii')
#3 E:\xampp\htdocs\yii\framework\web\CWebApplication.php(141): CWebApplication->runController('gii')
#4 E:\xampp\htdocs\yii\framework\base\CApplication.php(184): CWebApplication->processRequest()
#5 E:\xampp\htdocs\yii-bootstrap3\index.php(13): CApplication->run()
#6 {main}
REQUEST_URI=/yii-bootstrap3/index.php?r=gii
---
2015/03/04 10:44:37 [error] [exception.CException] exception 'CException' with message 'Object configuration must be an array containing a "class" element.' in E:\xampp\htdocs\yii\framework\YiiBase.php:193
Stack trace:
#0 E:\xampp\htdocs\yii\framework\base\CModule.php(282): YiiBase::createComponent(Array, 'gii', NULL, Array)
#1 E:\xampp\htdocs\yii\framework\web\CWebApplication.php(337): CModule->getModule('gii')
#2 E:\xampp\htdocs\yii\framework\web\CWebApplication.php(276): CWebApplication->createController('gii')
#3 E:\xampp\htdocs\yii\framework\web\CWebApplication.php(141): CWebApplication->runController('gii')
#4 E:\xampp\htdocs\yii\framework\base\CApplication.php(184): CWebApplication->processRequest()
#5 E:\xampp\htdocs\yii-bootstrap3\index.php(13): CApplication->run()
#6 {main}
REQUEST_URI=/yii-bootstrap3/index.php?r=gii
---
2015/03/04 10:46:38 [error] [exception.CException] exception 'CException' with message 'Object configuration must be an array containing a "class" element.' in E:\xampp\htdocs\yii\framework\YiiBase.php:193
Stack trace:
#0 E:\xampp\htdocs\yii\framework\base\CModule.php(282): YiiBase::createComponent(Array, 'gii', NULL, Array)
#1 E:\xampp\htdocs\yii\framework\web\CWebApplication.php(337): CModule->getModule('gii')
#2 E:\xampp\htdocs\yii\framework\web\CWebApplication.php(276): CWebApplication->createController('gii')
#3 E:\xampp\htdocs\yii\framework\web\CWebApplication.php(141): CWebApplication->runController('gii')
#4 E:\xampp\htdocs\yii\framework\base\CApplication.php(184): CWebApplication->processRequest()
#5 E:\xampp\htdocs\yii-bootstrap3\index.php(13): CApplication->run()
#6 {main}
REQUEST_URI=/yii-bootstrap3/index.php?r=gii
---
2015/03/04 10:47:11 [error] [exception.CException] exception 'CException' with message 'Object configuration must be an array containing a "class" element.' in E:\xampp\htdocs\yii\framework\YiiBase.php:193
Stack trace:
#0 E:\xampp\htdocs\yii\framework\base\CModule.php(282): YiiBase::createComponent(Array, 'gii', NULL, Array)
#1 E:\xampp\htdocs\yii\framework\web\CWebApplication.php(337): CModule->getModule('gii')
#2 E:\xampp\htdocs\yii\framework\web\CWebApplication.php(276): CWebApplication->createController('gii')
#3 E:\xampp\htdocs\yii\framework\web\CWebApplication.php(141): CWebApplication->runController('gii')
#4 E:\xampp\htdocs\yii\framework\base\CApplication.php(184): CWebApplication->processRequest()
#5 E:\xampp\htdocs\yii-bootstrap3\index.php(13): CApplication->run()
#6 {main}
REQUEST_URI=/yii-bootstrap3/index.php?r=gii
---
2015/03/04 10:47:12 [error] [exception.CException] exception 'CException' with message 'Object configuration must be an array containing a "class" element.' in E:\xampp\htdocs\yii\framework\YiiBase.php:193
Stack trace:
#0 E:\xampp\htdocs\yii\framework\base\CModule.php(282): YiiBase::createComponent(Array, 'gii', NULL, Array)
#1 E:\xampp\htdocs\yii\framework\web\CWebApplication.php(337): CModule->getModule('gii')
#2 E:\xampp\htdocs\yii\framework\web\CWebApplication.php(276): CWebApplication->createController('gii')
#3 E:\xampp\htdocs\yii\framework\web\CWebApplication.php(141): CWebApplication->runController('gii')
#4 E:\xampp\htdocs\yii\framework\base\CApplication.php(184): CWebApplication->processRequest()
#5 E:\xampp\htdocs\yii-bootstrap3\index.php(13): CApplication->run()
#6 {main}
REQUEST_URI=/yii-bootstrap3/index.php?r=gii
---
2015/06/21 06:21:09 [error] [exception.CException] exception 'CException' with message 'Object configuration must be an array containing a "class" element.' in D:\www\yii\framework\YiiBase.php:193
Stack trace:
#0 D:\www\yii\framework\base\CModule.php(282): YiiBase::createComponent(Array, 'gii', NULL, Array)
#1 D:\www\yii\framework\web\CWebApplication.php(337): CModule->getModule('gii')
#2 D:\www\yii\framework\web\CWebApplication.php(276): CWebApplication->createController('gii')
#3 D:\www\yii\framework\web\CWebApplication.php(141): CWebApplication->runController('gii')
#4 D:\www\yii\framework\base\CApplication.php(184): CWebApplication->processRequest()
#5 D:\www\calimclothes\index.php(13): CApplication->run()
#6 {main}
REQUEST_URI=/calimclothes/index.php/gii
---
